<?xml version="1.0" encoding="UTF-8"?>
<!-- Generated by org.testng.reporters.JUnitXMLReporter -->
<testsuite hostname="apples-MacBook-Pro.local" ignored="0" name="FREE CRM Application Test Cases" tests="12" failures="1" timestamp="27 Feb 2018 01:25:49 GMT" time="92.586" errors="0">
  <testcase name="loginPageTitleTest" time="0.021" classname="com.crm.qa.tests.LoginPageTest"/>
  <testcase name="verifyHomePageTitleTest" time="0.008" classname="com.crm.qa.tests.HomePageTest">
    <failure type="java.lang.AssertionError" message="Home page title not matched expected [CRMPRO] but found [#1 Free CRM for Any Business: Online Customer Relationship Software]">
      <![CDATA[java.lang.AssertionError: Home page title not matched expected [CRMPRO] but found [#1 Free CRM for Any Business: Online Customer Relationship Software]
	at com.crm.qa.tests.HomePageTest.verifyHomePageTitleTest(HomePageTest.java:41)
... Removed 30 stack frames]]>
    </failure>
  </testcase> <!-- verifyHomePageTitleTest -->
  <testcase name="verifyContactsLabelTest" time="0.048" classname="com.crm.qa.tests.ContactsPageTest"/>
  <testcase name="crmLogoImageTest" time="0.042" classname="com.crm.qa.tests.LoginPageTest"/>
  <testcase name="verifyCorrectUserNameTest" time="0.81" classname="com.crm.qa.tests.HomePageTest"/>
  <testcase name="selectSingleContactsTest" time="0.225" classname="com.crm.qa.tests.ContactsPageTest"/>
  <testcase name="loginTest" time="0.155" classname="com.crm.qa.tests.LoginPageTest"/>
  <testcase name="verifyContactsLinkTest" time="1.461" classname="com.crm.qa.tests.HomePageTest"/>
  <testcase name="selectMultipleContactsTest" time="0.456" classname="com.crm.qa.tests.ContactsPageTest"/>
  <testcase name="validateCreateNewContact" time="1.809" classname="com.crm.qa.tests.ContactsPageTest"/>
  <testcase name="validateCreateNewContact" time="1.253" classname="com.crm.qa.tests.ContactsPageTest"/>
  <testcase name="validateCreateNewContact" time="1.831" classname="com.crm.qa.tests.ContactsPageTest"/>
</testsuite> <!-- FREE CRM Application Test Cases -->
