<?xml version="1.0" encoding="UTF-8"?>
<!-- Generated by org.testng.reporters.JUnitXMLReporter -->
<testsuite hostname="apples-MacBook-Pro.local" ignored="0" name="FREE CRM Application Test Cases" tests="6" failures="0" timestamp="28 Feb 2018 01:44:28 GMT" time="49.303" errors="0">
  <testcase name="verifyContactsLabelTest" time="0.071" classname="com.crm.qa.tests.ContactsPageTest"/>
  <testcase name="selectSingleContactsTest" time="0.237" classname="com.crm.qa.tests.ContactsPageTest"/>
  <testcase name="selectMultipleContactsTest" time="0.461" classname="com.crm.qa.tests.ContactsPageTest"/>
  <testcase name="validateCreateNewContact" time="0.879" classname="com.crm.qa.tests.ContactsPageTest"/>
  <testcase name="validateCreateNewContact" time="0.932" classname="com.crm.qa.tests.ContactsPageTest"/>
  <testcase name="validateCreateNewContact" time="0.817" classname="com.crm.qa.tests.ContactsPageTest"/>
</testsuite> <!-- FREE CRM Application Test Cases -->
