<?xml version="1.0" encoding="UTF-8" ?>
<testsuite tests="12" failures="6" name="TestSuite" time="8.228" errors="0" skipped="0">
  <properties>
[...]
</properties>
  <testcase classname="com.crm.qa.tests.ContactsPageTest" name="verifyContactsLabelTest" time="1.453">
    <failure message="unknown error: unhandled inspector error: {&quot;code&quot;:-32000,&quot;message&quot;:&quot;Cannot find context with specified id&quot;}
  (Session info: chrome=63.0.3239.132)
  (Driver info: chromedriver=2.34.522932 (4140ab217e1ca1bec0c4b4d1b148f3361eb3a03e),platform=Mac OS X 10.13.2 x86_64) (WARNING: The server did not provide any stacktrace information)
Command duration or timeout: 0 milliseconds
Build info: version: &apos;3.5.3&apos;, revision: &apos;a88d25fe6b&apos;, time: &apos;2017-08-29T12:42:44.417Z&apos;
System info: host: &apos;apples-MacBook-Pro.local&apos;, ip: &apos;10.0.0.103&apos;, os.name: &apos;Mac OS X&apos;, os.arch: &apos;x86_64&apos;, os.version: &apos;10.13.2&apos;, java.version: &apos;1.8.0_144&apos;
Driver info: org.openqa.selenium.chrome.ChromeDriver
Capabilities [{mobileEmulationEnabled=false, hasTouchScreen=false, platform=MAC, acceptSslCerts=true, webStorageEnabled=true, browserName=chrome, takesScreenshot=true, javascriptEnabled=true, platformName=MAC, setWindowRect=true, unexpectedAlertBehaviour=, applicationCacheEnabled=false, rotatable=false, networkConnectionEnabled=false, chrome={chromedriverVersion=2.34.522932 (4140ab217e1ca1bec0c4b4d1b148f3361eb3a03e), userDataDir=/var/folders/57/777b5m9125s0svr1bqlx5xch0000gn/T/.org.chromium.Chromium.URwMzy}, takesHeapSnapshot=true, pageLoadStrategy=normal, unhandledPromptBehavior=, databaseEnabled=false, handlesAlerts=true, version=63.0.3239.132, browserConnectionEnabled=false, nativeEvents=true, locationContextEnabled=true, cssSelectorsEnabled=true}]
Session ID: 790384df7df18203b95ffddf2d395641
*** Element info: {Using=xpath, value=//td[contains(text(),&apos;Contacts&apos;)]}" type="org.openqa.selenium.WebDriverException">org.openqa.selenium.WebDriverException: unknown error: unhandled inspector error: {&quot;code&quot;:-32000,&quot;message&quot;:&quot;Cannot find context with specified id&quot;}
  (Session info: chrome=63.0.3239.132)
  (Driver info: chromedriver=2.34.522932 (4140ab217e1ca1bec0c4b4d1b148f3361eb3a03e),platform=Mac OS X 10.13.2 x86_64) (WARNING: The server did not provide any stacktrace information)
Command duration or timeout: 0 milliseconds
Build info: version: &apos;3.5.3&apos;, revision: &apos;a88d25fe6b&apos;, time: &apos;2017-08-29T12:42:44.417Z&apos;
System info: host: &apos;apples-MacBook-Pro.local&apos;, ip: &apos;10.0.0.103&apos;, os.name: &apos;Mac OS X&apos;, os.arch: &apos;x86_64&apos;, os.version: &apos;10.13.2&apos;, java.version: &apos;1.8.0_144&apos;
Driver info: org.openqa.selenium.chrome.ChromeDriver
Capabilities [{mobileEmulationEnabled=false, hasTouchScreen=false, platform=MAC, acceptSslCerts=true, webStorageEnabled=true, browserName=chrome, takesScreenshot=true, javascriptEnabled=true, platformName=MAC, setWindowRect=true, unexpectedAlertBehaviour=, applicationCacheEnabled=false, rotatable=false, networkConnectionEnabled=false, chrome={chromedriverVersion=2.34.522932 (4140ab217e1ca1bec0c4b4d1b148f3361eb3a03e), userDataDir=/var/folders/57/777b5m9125s0svr1bqlx5xch0000gn/T/.org.chromium.Chromium.URwMzy}, takesHeapSnapshot=true, pageLoadStrategy=normal, unhandledPromptBehavior=, databaseEnabled=false, handlesAlerts=true, version=63.0.3239.132, browserConnectionEnabled=false, nativeEvents=true, locationContextEnabled=true, cssSelectorsEnabled=true}]
Session ID: 790384df7df18203b95ffddf2d395641
*** Element info: {Using=xpath, value=//td[contains(text(),&apos;Contacts&apos;)]}
	at sun.reflect.NativeConstructorAccessorImpl.newInstance0(Native Method)
	at sun.reflect.NativeConstructorAccessorImpl.newInstance(NativeConstructorAccessorImpl.java:62)
	at sun.reflect.DelegatingConstructorAccessorImpl.newInstance(DelegatingConstructorAccessorImpl.java:45)
	at java.lang.reflect.Constructor.newInstance(Constructor.java:423)
	at org.openqa.selenium.remote.ErrorHandler.createThrowable(ErrorHandler.java:215)
	at org.openqa.selenium.remote.ErrorHandler.throwIfResponseFailed(ErrorHandler.java:167)
	at org.openqa.selenium.remote.http.JsonHttpResponseCodec.reconstructValue(JsonHttpResponseCodec.java:40)
	at org.openqa.selenium.remote.http.AbstractHttpResponseCodec.decode(AbstractHttpResponseCodec.java:82)
	at org.openqa.selenium.remote.http.AbstractHttpResponseCodec.decode(AbstractHttpResponseCodec.java:45)
	at org.openqa.selenium.remote.HttpCommandExecutor.execute(HttpCommandExecutor.java:164)
	at org.openqa.selenium.remote.service.DriverCommandExecutor.execute(DriverCommandExecutor.java:82)
	at org.openqa.selenium.remote.RemoteWebDriver.execute(RemoteWebDriver.java:646)
	at org.openqa.selenium.remote.RemoteWebDriver.findElement(RemoteWebDriver.java:416)
	at org.openqa.selenium.remote.RemoteWebDriver.findElementByXPath(RemoteWebDriver.java:518)
	at org.openqa.selenium.By$ByXPath.findElement(By.java:361)
	at org.openqa.selenium.remote.RemoteWebDriver.findElement(RemoteWebDriver.java:408)
	at sun.reflect.NativeMethodAccessorImpl.invoke0(Native Method)
	at sun.reflect.NativeMethodAccessorImpl.invoke(NativeMethodAccessorImpl.java:62)
	at sun.reflect.DelegatingMethodAccessorImpl.invoke(DelegatingMethodAccessorImpl.java:43)
	at java.lang.reflect.Method.invoke(Method.java:498)
	at org.openqa.selenium.support.events.EventFiringWebDriver$2.invoke(EventFiringWebDriver.java:105)
	at com.sun.proxy.$Proxy6.findElement(Unknown Source)
	at org.openqa.selenium.support.events.EventFiringWebDriver.findElement(EventFiringWebDriver.java:189)
	at org.openqa.selenium.support.pagefactory.DefaultElementLocator.findElement(DefaultElementLocator.java:69)
	at org.openqa.selenium.support.pagefactory.internal.LocatingElementHandler.invoke(LocatingElementHandler.java:38)
	at com.sun.proxy.$Proxy10.isDisplayed(Unknown Source)
	at com.crm.qa.pages.ContactsPage.verifyContactsLabel(ContactsPage.java:39)
	at com.crm.qa.tests.ContactsPageTest.verifyContactsLabelTest(ContactsPageTest.java:40)
</failure>
    <system-out>Configuring TestNG with: org.apache.maven.surefire.testng.conf.TestNG652Configurator@7382f612
Before navigating to: &apos;https://www.freecrm.com/index.html&apos;
Navigated to:&apos;https://www.freecrm.com/index.html&apos;
Trying to find Element By : By.name: username
Found Element By : By.name: username
Trying to find Element By : By.name: username
Found Element By : By.name: username
Trying to find Element By : By.name: password
Found Element By : By.name: password
Trying to find Element By : By.name: password
Found Element By : By.name: password
Trying to find Element By : By.xpath: //input[@value=&apos;Login&apos;]
Found Element By : By.xpath: //input[@value=&apos;Login&apos;]
Trying to find Element By : By.xpath: //a[contains(text(), &apos;Contacts&apos;)]
Found Element By : By.xpath: //a[contains(text(), &apos;Contacts&apos;)]
Trying to click on: [[ChromeDriver: chrome on MAC (790384df7df18203b95ffddf2d395641)] -&gt; xpath: //a[contains(text(), &apos;Contacts&apos;)]]
Clicked on: [[ChromeDriver: chrome on MAC (790384df7df18203b95ffddf2d395641)] -&gt; xpath: //a[contains(text(), &apos;Contacts&apos;)]]
Trying to find Element By : By.xpath: //td[contains(text(),&apos;Contacts&apos;)]
Exception occured: org.openqa.selenium.WebDriverException: unknown error: unhandled inspector error: {&quot;code&quot;:-32000,&quot;message&quot;:&quot;Cannot find context with specified id&quot;}
  (Session info: chrome=63.0.3239.132)
  (Driver info: chromedriver=2.34.522932 (4140ab217e1ca1bec0c4b4d1b148f3361eb3a03e),platform=Mac OS X 10.13.2 x86_64) (WARNING: The server did not provide any stacktrace information)
Command duration or timeout: 0 milliseconds
Build info: version: &apos;3.5.3&apos;, revision: &apos;a88d25fe6b&apos;, time: &apos;2017-08-29T12:42:44.417Z&apos;
System info: host: &apos;apples-MacBook-Pro.local&apos;, ip: &apos;10.0.0.103&apos;, os.name: &apos;Mac OS X&apos;, os.arch: &apos;x86_64&apos;, os.version: &apos;10.13.2&apos;, java.version: &apos;1.8.0_144&apos;
Driver info: org.openqa.selenium.chrome.ChromeDriver
Capabilities [{mobileEmulationEnabled=false, hasTouchScreen=false, platform=MAC, acceptSslCerts=true, webStorageEnabled=true, browserName=chrome, takesScreenshot=true, javascriptEnabled=true, platformName=MAC, setWindowRect=true, unexpectedAlertBehaviour=, applicationCacheEnabled=false, rotatable=false, networkConnectionEnabled=false, chrome={chromedriverVersion=2.34.522932 (4140ab217e1ca1bec0c4b4d1b148f3361eb3a03e), userDataDir=/var/folders/57/777b5m9125s0svr1bqlx5xch0000gn/T/.org.chromium.Chromium.URwMzy}, takesHeapSnapshot=true, pageLoadStrategy=normal, unhandledPromptBehavior=, databaseEnabled=false, handlesAlerts=true, version=63.0.3239.132, browserConnectionEnabled=false, nativeEvents=true, locationContextEnabled=true, cssSelectorsEnabled=true}]
Session ID: 790384df7df18203b95ffddf2d395641
*** Element info: {Using=xpath, value=//td[contains(text(),&apos;Contacts&apos;)]}
</system-out>
    <system-err>Starting ChromeDriver 2.34.522932 (4140ab217e1ca1bec0c4b4d1b148f3361eb3a03e) on port 34006
Only local connections are allowed.
log4j:WARN No appenders could be found for logger (org.apache.http.client.protocol.RequestAddCookies).
log4j:WARN Please initialize the log4j system properly.
Jan 24, 2018 10:16:55 AM org.openqa.selenium.remote.ProtocolHandshake createSession
INFO: Detected dialect: OSS
</system-err>
  </testcase>
  <testcase classname="com.crm.qa.tests.HomePageTest" name="verifyHomePageTitleTest" time="0.009"/>
  <testcase classname="com.crm.qa.tests.LoginPageTest" name="loginPageTitleTest" time="0.008"/>
  <testcase classname="com.crm.qa.tests.ContactsPageTest" name="selectSingleContactsTest" time="1.199">
    <failure message="unknown error: unhandled inspector error: {&quot;code&quot;:-32000,&quot;message&quot;:&quot;Cannot find context with specified id&quot;}
  (Session info: chrome=63.0.3239.132)
  (Driver info: chromedriver=2.34.522932 (4140ab217e1ca1bec0c4b4d1b148f3361eb3a03e),platform=Mac OS X 10.13.2 x86_64) (WARNING: The server did not provide any stacktrace information)
Command duration or timeout: 0 milliseconds
Build info: version: &apos;3.5.3&apos;, revision: &apos;a88d25fe6b&apos;, time: &apos;2017-08-29T12:42:44.417Z&apos;
System info: host: &apos;apples-MacBook-Pro.local&apos;, ip: &apos;10.0.0.103&apos;, os.name: &apos;Mac OS X&apos;, os.arch: &apos;x86_64&apos;, os.version: &apos;10.13.2&apos;, java.version: &apos;1.8.0_144&apos;
Driver info: org.openqa.selenium.chrome.ChromeDriver
Capabilities [{mobileEmulationEnabled=false, hasTouchScreen=false, platform=MAC, acceptSslCerts=true, webStorageEnabled=true, browserName=chrome, takesScreenshot=true, javascriptEnabled=true, platformName=MAC, setWindowRect=true, unexpectedAlertBehaviour=, applicationCacheEnabled=false, rotatable=false, networkConnectionEnabled=false, chrome={chromedriverVersion=2.34.522932 (4140ab217e1ca1bec0c4b4d1b148f3361eb3a03e), userDataDir=/var/folders/57/777b5m9125s0svr1bqlx5xch0000gn/T/.org.chromium.Chromium.DbvdFU}, takesHeapSnapshot=true, pageLoadStrategy=normal, unhandledPromptBehavior=, databaseEnabled=false, handlesAlerts=true, version=63.0.3239.132, browserConnectionEnabled=false, nativeEvents=true, locationContextEnabled=true, cssSelectorsEnabled=true}]
Session ID: 62379171cae18da4edfb5fd0ae5c9933
*** Element info: {Using=xpath, value=//a[text()=&apos;Laxmi P&apos;]//parent::td[@class=&apos;datalistrow&apos;]//preceding-sibling::td[@class=&apos;datalistrow&apos;]//input[@name=&apos;contact_id&apos;]}" type="org.openqa.selenium.WebDriverException">org.openqa.selenium.WebDriverException: unknown error: unhandled inspector error: {&quot;code&quot;:-32000,&quot;message&quot;:&quot;Cannot find context with specified id&quot;}
  (Session info: chrome=63.0.3239.132)
  (Driver info: chromedriver=2.34.522932 (4140ab217e1ca1bec0c4b4d1b148f3361eb3a03e),platform=Mac OS X 10.13.2 x86_64) (WARNING: The server did not provide any stacktrace information)
Command duration or timeout: 0 milliseconds
Build info: version: &apos;3.5.3&apos;, revision: &apos;a88d25fe6b&apos;, time: &apos;2017-08-29T12:42:44.417Z&apos;
System info: host: &apos;apples-MacBook-Pro.local&apos;, ip: &apos;10.0.0.103&apos;, os.name: &apos;Mac OS X&apos;, os.arch: &apos;x86_64&apos;, os.version: &apos;10.13.2&apos;, java.version: &apos;1.8.0_144&apos;
Driver info: org.openqa.selenium.chrome.ChromeDriver
Capabilities [{mobileEmulationEnabled=false, hasTouchScreen=false, platform=MAC, acceptSslCerts=true, webStorageEnabled=true, browserName=chrome, takesScreenshot=true, javascriptEnabled=true, platformName=MAC, setWindowRect=true, unexpectedAlertBehaviour=, applicationCacheEnabled=false, rotatable=false, networkConnectionEnabled=false, chrome={chromedriverVersion=2.34.522932 (4140ab217e1ca1bec0c4b4d1b148f3361eb3a03e), userDataDir=/var/folders/57/777b5m9125s0svr1bqlx5xch0000gn/T/.org.chromium.Chromium.DbvdFU}, takesHeapSnapshot=true, pageLoadStrategy=normal, unhandledPromptBehavior=, databaseEnabled=false, handlesAlerts=true, version=63.0.3239.132, browserConnectionEnabled=false, nativeEvents=true, locationContextEnabled=true, cssSelectorsEnabled=true}]
Session ID: 62379171cae18da4edfb5fd0ae5c9933
*** Element info: {Using=xpath, value=//a[text()=&apos;Laxmi P&apos;]//parent::td[@class=&apos;datalistrow&apos;]//preceding-sibling::td[@class=&apos;datalistrow&apos;]//input[@name=&apos;contact_id&apos;]}
	at sun.reflect.NativeConstructorAccessorImpl.newInstance0(Native Method)
	at sun.reflect.NativeConstructorAccessorImpl.newInstance(NativeConstructorAccessorImpl.java:62)
	at sun.reflect.DelegatingConstructorAccessorImpl.newInstance(DelegatingConstructorAccessorImpl.java:45)
	at java.lang.reflect.Constructor.newInstance(Constructor.java:423)
	at org.openqa.selenium.remote.ErrorHandler.createThrowable(ErrorHandler.java:215)
	at org.openqa.selenium.remote.ErrorHandler.throwIfResponseFailed(ErrorHandler.java:167)
	at org.openqa.selenium.remote.http.JsonHttpResponseCodec.reconstructValue(JsonHttpResponseCodec.java:40)
	at org.openqa.selenium.remote.http.AbstractHttpResponseCodec.decode(AbstractHttpResponseCodec.java:82)
	at org.openqa.selenium.remote.http.AbstractHttpResponseCodec.decode(AbstractHttpResponseCodec.java:45)
	at org.openqa.selenium.remote.HttpCommandExecutor.execute(HttpCommandExecutor.java:164)
	at org.openqa.selenium.remote.service.DriverCommandExecutor.execute(DriverCommandExecutor.java:82)
	at org.openqa.selenium.remote.RemoteWebDriver.execute(RemoteWebDriver.java:646)
	at org.openqa.selenium.remote.RemoteWebDriver.findElement(RemoteWebDriver.java:416)
	at org.openqa.selenium.remote.RemoteWebDriver.findElementByXPath(RemoteWebDriver.java:518)
	at org.openqa.selenium.By$ByXPath.findElement(By.java:361)
	at org.openqa.selenium.remote.RemoteWebDriver.findElement(RemoteWebDriver.java:408)
	at sun.reflect.GeneratedMethodAccessor3.invoke(Unknown Source)
	at sun.reflect.DelegatingMethodAccessorImpl.invoke(DelegatingMethodAccessorImpl.java:43)
	at java.lang.reflect.Method.invoke(Method.java:498)
	at org.openqa.selenium.support.events.EventFiringWebDriver$2.invoke(EventFiringWebDriver.java:105)
	at com.sun.proxy.$Proxy6.findElement(Unknown Source)
	at org.openqa.selenium.support.events.EventFiringWebDriver.findElement(EventFiringWebDriver.java:189)
	at com.crm.qa.pages.ContactsPage.selectContactsByName(ContactsPage.java:43)
	at com.crm.qa.tests.ContactsPageTest.selectSingleContactsTest(ContactsPageTest.java:45)
</failure>
    <system-out>Before navigating to: &apos;https://www.freecrm.com/index.html&apos;
Navigated to:&apos;https://www.freecrm.com/index.html&apos;
Trying to find Element By : By.name: username
Found Element By : By.name: username
Trying to find Element By : By.name: username
Found Element By : By.name: username
Trying to find Element By : By.name: password
Found Element By : By.name: password
Trying to find Element By : By.name: password
Found Element By : By.name: password
Trying to find Element By : By.xpath: //input[@value=&apos;Login&apos;]
Found Element By : By.xpath: //input[@value=&apos;Login&apos;]
Trying to find Element By : By.xpath: //a[contains(text(), &apos;Contacts&apos;)]
Found Element By : By.xpath: //a[contains(text(), &apos;Contacts&apos;)]
Trying to click on: [[ChromeDriver: chrome on MAC (62379171cae18da4edfb5fd0ae5c9933)] -&gt; xpath: //a[contains(text(), &apos;Contacts&apos;)]]
Clicked on: [[ChromeDriver: chrome on MAC (62379171cae18da4edfb5fd0ae5c9933)] -&gt; xpath: //a[contains(text(), &apos;Contacts&apos;)]]
Trying to find Element By : By.xpath: //a[text()=&apos;Laxmi P&apos;]//parent::td[@class=&apos;datalistrow&apos;]//preceding-sibling::td[@class=&apos;datalistrow&apos;]//input[@name=&apos;contact_id&apos;]
Exception occured: org.openqa.selenium.WebDriverException: unknown error: unhandled inspector error: {&quot;code&quot;:-32000,&quot;message&quot;:&quot;Cannot find context with specified id&quot;}
  (Session info: chrome=63.0.3239.132)
  (Driver info: chromedriver=2.34.522932 (4140ab217e1ca1bec0c4b4d1b148f3361eb3a03e),platform=Mac OS X 10.13.2 x86_64) (WARNING: The server did not provide any stacktrace information)
Command duration or timeout: 0 milliseconds
Build info: version: &apos;3.5.3&apos;, revision: &apos;a88d25fe6b&apos;, time: &apos;2017-08-29T12:42:44.417Z&apos;
System info: host: &apos;apples-MacBook-Pro.local&apos;, ip: &apos;10.0.0.103&apos;, os.name: &apos;Mac OS X&apos;, os.arch: &apos;x86_64&apos;, os.version: &apos;10.13.2&apos;, java.version: &apos;1.8.0_144&apos;
Driver info: org.openqa.selenium.chrome.ChromeDriver
Capabilities [{mobileEmulationEnabled=false, hasTouchScreen=false, platform=MAC, acceptSslCerts=true, webStorageEnabled=true, browserName=chrome, takesScreenshot=true, javascriptEnabled=true, platformName=MAC, setWindowRect=true, unexpectedAlertBehaviour=, applicationCacheEnabled=false, rotatable=false, networkConnectionEnabled=false, chrome={chromedriverVersion=2.34.522932 (4140ab217e1ca1bec0c4b4d1b148f3361eb3a03e), userDataDir=/var/folders/57/777b5m9125s0svr1bqlx5xch0000gn/T/.org.chromium.Chromium.DbvdFU}, takesHeapSnapshot=true, pageLoadStrategy=normal, unhandledPromptBehavior=, databaseEnabled=false, handlesAlerts=true, version=63.0.3239.132, browserConnectionEnabled=false, nativeEvents=true, locationContextEnabled=true, cssSelectorsEnabled=true}]
Session ID: 62379171cae18da4edfb5fd0ae5c9933
*** Element info: {Using=xpath, value=//a[text()=&apos;Laxmi P&apos;]//parent::td[@class=&apos;datalistrow&apos;]//preceding-sibling::td[@class=&apos;datalistrow&apos;]//input[@name=&apos;contact_id&apos;]}
</system-out>
    <system-err>Starting ChromeDriver 2.34.522932 (4140ab217e1ca1bec0c4b4d1b148f3361eb3a03e) on port 12184
Only local connections are allowed.
Jan 24, 2018 10:17:09 AM org.openqa.selenium.remote.ProtocolHandshake createSession
INFO: Detected dialect: OSS
</system-err>
  </testcase>
  <testcase classname="com.crm.qa.tests.HomePageTest" name="verifyCorrectUserNameTest" time="0.102"/>
  <testcase classname="com.crm.qa.tests.LoginPageTest" name="crmLogoImageTest" time="0.037"/>
  <testcase classname="com.crm.qa.tests.ContactsPageTest" name="selectMultipleContactsTest" time="1.202">
    <failure message="unknown error: unhandled inspector error: {&quot;code&quot;:-32000,&quot;message&quot;:&quot;Cannot find context with specified id&quot;}
  (Session info: chrome=63.0.3239.132)
  (Driver info: chromedriver=2.34.522932 (4140ab217e1ca1bec0c4b4d1b148f3361eb3a03e),platform=Mac OS X 10.13.2 x86_64) (WARNING: The server did not provide any stacktrace information)
Command duration or timeout: 0 milliseconds
Build info: version: &apos;3.5.3&apos;, revision: &apos;a88d25fe6b&apos;, time: &apos;2017-08-29T12:42:44.417Z&apos;
System info: host: &apos;apples-MacBook-Pro.local&apos;, ip: &apos;10.0.0.103&apos;, os.name: &apos;Mac OS X&apos;, os.arch: &apos;x86_64&apos;, os.version: &apos;10.13.2&apos;, java.version: &apos;1.8.0_144&apos;
Driver info: org.openqa.selenium.chrome.ChromeDriver
Capabilities [{mobileEmulationEnabled=false, hasTouchScreen=false, platform=MAC, acceptSslCerts=true, webStorageEnabled=true, browserName=chrome, takesScreenshot=true, javascriptEnabled=true, platformName=MAC, setWindowRect=true, unexpectedAlertBehaviour=, applicationCacheEnabled=false, rotatable=false, networkConnectionEnabled=false, chrome={chromedriverVersion=2.34.522932 (4140ab217e1ca1bec0c4b4d1b148f3361eb3a03e), userDataDir=/var/folders/57/777b5m9125s0svr1bqlx5xch0000gn/T/.org.chromium.Chromium.UKlIwC}, takesHeapSnapshot=true, pageLoadStrategy=normal, unhandledPromptBehavior=, databaseEnabled=false, handlesAlerts=true, version=63.0.3239.132, browserConnectionEnabled=false, nativeEvents=true, locationContextEnabled=true, cssSelectorsEnabled=true}]
Session ID: 5f4e0b8587b54db279bef9051125fa3d
*** Element info: {Using=xpath, value=//a[text()=&apos;Krishna Anan&apos;]//parent::td[@class=&apos;datalistrow&apos;]//preceding-sibling::td[@class=&apos;datalistrow&apos;]//input[@name=&apos;contact_id&apos;]}" type="org.openqa.selenium.WebDriverException">org.openqa.selenium.WebDriverException: unknown error: unhandled inspector error: {&quot;code&quot;:-32000,&quot;message&quot;:&quot;Cannot find context with specified id&quot;}
  (Session info: chrome=63.0.3239.132)
  (Driver info: chromedriver=2.34.522932 (4140ab217e1ca1bec0c4b4d1b148f3361eb3a03e),platform=Mac OS X 10.13.2 x86_64) (WARNING: The server did not provide any stacktrace information)
Command duration or timeout: 0 milliseconds
Build info: version: &apos;3.5.3&apos;, revision: &apos;a88d25fe6b&apos;, time: &apos;2017-08-29T12:42:44.417Z&apos;
System info: host: &apos;apples-MacBook-Pro.local&apos;, ip: &apos;10.0.0.103&apos;, os.name: &apos;Mac OS X&apos;, os.arch: &apos;x86_64&apos;, os.version: &apos;10.13.2&apos;, java.version: &apos;1.8.0_144&apos;
Driver info: org.openqa.selenium.chrome.ChromeDriver
Capabilities [{mobileEmulationEnabled=false, hasTouchScreen=false, platform=MAC, acceptSslCerts=true, webStorageEnabled=true, browserName=chrome, takesScreenshot=true, javascriptEnabled=true, platformName=MAC, setWindowRect=true, unexpectedAlertBehaviour=, applicationCacheEnabled=false, rotatable=false, networkConnectionEnabled=false, chrome={chromedriverVersion=2.34.522932 (4140ab217e1ca1bec0c4b4d1b148f3361eb3a03e), userDataDir=/var/folders/57/777b5m9125s0svr1bqlx5xch0000gn/T/.org.chromium.Chromium.UKlIwC}, takesHeapSnapshot=true, pageLoadStrategy=normal, unhandledPromptBehavior=, databaseEnabled=false, handlesAlerts=true, version=63.0.3239.132, browserConnectionEnabled=false, nativeEvents=true, locationContextEnabled=true, cssSelectorsEnabled=true}]
Session ID: 5f4e0b8587b54db279bef9051125fa3d
*** Element info: {Using=xpath, value=//a[text()=&apos;Krishna Anan&apos;]//parent::td[@class=&apos;datalistrow&apos;]//preceding-sibling::td[@class=&apos;datalistrow&apos;]//input[@name=&apos;contact_id&apos;]}
	at sun.reflect.NativeConstructorAccessorImpl.newInstance0(Native Method)
	at sun.reflect.NativeConstructorAccessorImpl.newInstance(NativeConstructorAccessorImpl.java:62)
	at sun.reflect.DelegatingConstructorAccessorImpl.newInstance(DelegatingConstructorAccessorImpl.java:45)
	at java.lang.reflect.Constructor.newInstance(Constructor.java:423)
	at org.openqa.selenium.remote.ErrorHandler.createThrowable(ErrorHandler.java:215)
	at org.openqa.selenium.remote.ErrorHandler.throwIfResponseFailed(ErrorHandler.java:167)
	at org.openqa.selenium.remote.http.JsonHttpResponseCodec.reconstructValue(JsonHttpResponseCodec.java:40)
	at org.openqa.selenium.remote.http.AbstractHttpResponseCodec.decode(AbstractHttpResponseCodec.java:82)
	at org.openqa.selenium.remote.http.AbstractHttpResponseCodec.decode(AbstractHttpResponseCodec.java:45)
	at org.openqa.selenium.remote.HttpCommandExecutor.execute(HttpCommandExecutor.java:164)
	at org.openqa.selenium.remote.service.DriverCommandExecutor.execute(DriverCommandExecutor.java:82)
	at org.openqa.selenium.remote.RemoteWebDriver.execute(RemoteWebDriver.java:646)
	at org.openqa.selenium.remote.RemoteWebDriver.findElement(RemoteWebDriver.java:416)
	at org.openqa.selenium.remote.RemoteWebDriver.findElementByXPath(RemoteWebDriver.java:518)
	at org.openqa.selenium.By$ByXPath.findElement(By.java:361)
	at org.openqa.selenium.remote.RemoteWebDriver.findElement(RemoteWebDriver.java:408)
	at sun.reflect.GeneratedMethodAccessor3.invoke(Unknown Source)
	at sun.reflect.DelegatingMethodAccessorImpl.invoke(DelegatingMethodAccessorImpl.java:43)
	at java.lang.reflect.Method.invoke(Method.java:498)
	at org.openqa.selenium.support.events.EventFiringWebDriver$2.invoke(EventFiringWebDriver.java:105)
	at com.sun.proxy.$Proxy6.findElement(Unknown Source)
	at org.openqa.selenium.support.events.EventFiringWebDriver.findElement(EventFiringWebDriver.java:189)
	at com.crm.qa.pages.ContactsPage.selectContactsByName(ContactsPage.java:43)
	at com.crm.qa.tests.ContactsPageTest.selectMultipleContactsTest(ContactsPageTest.java:50)
</failure>
    <system-out>Before navigating to: &apos;https://www.freecrm.com/index.html&apos;
Navigated to:&apos;https://www.freecrm.com/index.html&apos;
Trying to find Element By : By.name: username
Found Element By : By.name: username
Trying to find Element By : By.name: username
Found Element By : By.name: username
Trying to find Element By : By.name: password
Found Element By : By.name: password
Trying to find Element By : By.name: password
Found Element By : By.name: password
Trying to find Element By : By.xpath: //input[@value=&apos;Login&apos;]
Found Element By : By.xpath: //input[@value=&apos;Login&apos;]
Trying to find Element By : By.xpath: //a[contains(text(), &apos;Contacts&apos;)]
Found Element By : By.xpath: //a[contains(text(), &apos;Contacts&apos;)]
Trying to click on: [[ChromeDriver: chrome on MAC (5f4e0b8587b54db279bef9051125fa3d)] -&gt; xpath: //a[contains(text(), &apos;Contacts&apos;)]]
Clicked on: [[ChromeDriver: chrome on MAC (5f4e0b8587b54db279bef9051125fa3d)] -&gt; xpath: //a[contains(text(), &apos;Contacts&apos;)]]
Trying to find Element By : By.xpath: //a[text()=&apos;Krishna Anan&apos;]//parent::td[@class=&apos;datalistrow&apos;]//preceding-sibling::td[@class=&apos;datalistrow&apos;]//input[@name=&apos;contact_id&apos;]
Exception occured: org.openqa.selenium.WebDriverException: unknown error: unhandled inspector error: {&quot;code&quot;:-32000,&quot;message&quot;:&quot;Cannot find context with specified id&quot;}
  (Session info: chrome=63.0.3239.132)
  (Driver info: chromedriver=2.34.522932 (4140ab217e1ca1bec0c4b4d1b148f3361eb3a03e),platform=Mac OS X 10.13.2 x86_64) (WARNING: The server did not provide any stacktrace information)
Command duration or timeout: 0 milliseconds
Build info: version: &apos;3.5.3&apos;, revision: &apos;a88d25fe6b&apos;, time: &apos;2017-08-29T12:42:44.417Z&apos;
System info: host: &apos;apples-MacBook-Pro.local&apos;, ip: &apos;10.0.0.103&apos;, os.name: &apos;Mac OS X&apos;, os.arch: &apos;x86_64&apos;, os.version: &apos;10.13.2&apos;, java.version: &apos;1.8.0_144&apos;
Driver info: org.openqa.selenium.chrome.ChromeDriver
Capabilities [{mobileEmulationEnabled=false, hasTouchScreen=false, platform=MAC, acceptSslCerts=true, webStorageEnabled=true, browserName=chrome, takesScreenshot=true, javascriptEnabled=true, platformName=MAC, setWindowRect=true, unexpectedAlertBehaviour=, applicationCacheEnabled=false, rotatable=false, networkConnectionEnabled=false, chrome={chromedriverVersion=2.34.522932 (4140ab217e1ca1bec0c4b4d1b148f3361eb3a03e), userDataDir=/var/folders/57/777b5m9125s0svr1bqlx5xch0000gn/T/.org.chromium.Chromium.UKlIwC}, takesHeapSnapshot=true, pageLoadStrategy=normal, unhandledPromptBehavior=, databaseEnabled=false, handlesAlerts=true, version=63.0.3239.132, browserConnectionEnabled=false, nativeEvents=true, locationContextEnabled=true, cssSelectorsEnabled=true}]
Session ID: 5f4e0b8587b54db279bef9051125fa3d
*** Element info: {Using=xpath, value=//a[text()=&apos;Krishna Anan&apos;]//parent::td[@class=&apos;datalistrow&apos;]//preceding-sibling::td[@class=&apos;datalistrow&apos;]//input[@name=&apos;contact_id&apos;]}
</system-out>
    <system-err>Starting ChromeDriver 2.34.522932 (4140ab217e1ca1bec0c4b4d1b148f3361eb3a03e) on port 14801
Only local connections are allowed.
Jan 24, 2018 10:17:21 AM org.openqa.selenium.remote.ProtocolHandshake createSession
INFO: Detected dialect: OSS
</system-err>
  </testcase>
  <testcase classname="com.crm.qa.tests.HomePageTest" name="verifyContactsLinkTest" time="0.177"/>
  <testcase classname="com.crm.qa.tests.LoginPageTest" name="loginTest" time="1.314"/>
  <testcase classname="com.crm.qa.tests.ContactsPageTest" name="validateCreateNewContact" time="1.1">
    <failure message="unknown error: unhandled inspector error: {&quot;code&quot;:-32000,&quot;message&quot;:&quot;Cannot find context with specified id&quot;}
  (Session info: chrome=63.0.3239.132)
  (Driver info: chromedriver=2.34.522932 (4140ab217e1ca1bec0c4b4d1b148f3361eb3a03e),platform=Mac OS X 10.13.2 x86_64) (WARNING: The server did not provide any stacktrace information)
Command duration or timeout: 0 milliseconds
Build info: version: &apos;3.5.3&apos;, revision: &apos;a88d25fe6b&apos;, time: &apos;2017-08-29T12:42:44.417Z&apos;
System info: host: &apos;apples-MacBook-Pro.local&apos;, ip: &apos;10.0.0.103&apos;, os.name: &apos;Mac OS X&apos;, os.arch: &apos;x86_64&apos;, os.version: &apos;10.13.2&apos;, java.version: &apos;1.8.0_144&apos;
Driver info: org.openqa.selenium.chrome.ChromeDriver
Capabilities [{mobileEmulationEnabled=false, hasTouchScreen=false, platform=MAC, acceptSslCerts=true, webStorageEnabled=true, browserName=chrome, takesScreenshot=true, javascriptEnabled=true, platformName=MAC, setWindowRect=true, unexpectedAlertBehaviour=, applicationCacheEnabled=false, rotatable=false, networkConnectionEnabled=false, chrome={chromedriverVersion=2.34.522932 (4140ab217e1ca1bec0c4b4d1b148f3361eb3a03e), userDataDir=/var/folders/57/777b5m9125s0svr1bqlx5xch0000gn/T/.org.chromium.Chromium.db1LNu}, takesHeapSnapshot=true, pageLoadStrategy=normal, unhandledPromptBehavior=, databaseEnabled=false, handlesAlerts=true, version=63.0.3239.132, browserConnectionEnabled=false, nativeEvents=true, locationContextEnabled=true, cssSelectorsEnabled=true}]
Session ID: 676d3fcc61118e071c6997298d7e6673
*** Element info: {Using=xpath, value=//a[contains(text(), &apos;Contacts&apos;)]}" type="org.openqa.selenium.WebDriverException">org.openqa.selenium.WebDriverException: unknown error: unhandled inspector error: {&quot;code&quot;:-32000,&quot;message&quot;:&quot;Cannot find context with specified id&quot;}
  (Session info: chrome=63.0.3239.132)
  (Driver info: chromedriver=2.34.522932 (4140ab217e1ca1bec0c4b4d1b148f3361eb3a03e),platform=Mac OS X 10.13.2 x86_64) (WARNING: The server did not provide any stacktrace information)
Command duration or timeout: 0 milliseconds
Build info: version: &apos;3.5.3&apos;, revision: &apos;a88d25fe6b&apos;, time: &apos;2017-08-29T12:42:44.417Z&apos;
System info: host: &apos;apples-MacBook-Pro.local&apos;, ip: &apos;10.0.0.103&apos;, os.name: &apos;Mac OS X&apos;, os.arch: &apos;x86_64&apos;, os.version: &apos;10.13.2&apos;, java.version: &apos;1.8.0_144&apos;
Driver info: org.openqa.selenium.chrome.ChromeDriver
Capabilities [{mobileEmulationEnabled=false, hasTouchScreen=false, platform=MAC, acceptSslCerts=true, webStorageEnabled=true, browserName=chrome, takesScreenshot=true, javascriptEnabled=true, platformName=MAC, setWindowRect=true, unexpectedAlertBehaviour=, applicationCacheEnabled=false, rotatable=false, networkConnectionEnabled=false, chrome={chromedriverVersion=2.34.522932 (4140ab217e1ca1bec0c4b4d1b148f3361eb3a03e), userDataDir=/var/folders/57/777b5m9125s0svr1bqlx5xch0000gn/T/.org.chromium.Chromium.db1LNu}, takesHeapSnapshot=true, pageLoadStrategy=normal, unhandledPromptBehavior=, databaseEnabled=false, handlesAlerts=true, version=63.0.3239.132, browserConnectionEnabled=false, nativeEvents=true, locationContextEnabled=true, cssSelectorsEnabled=true}]
Session ID: 676d3fcc61118e071c6997298d7e6673
*** Element info: {Using=xpath, value=//a[contains(text(), &apos;Contacts&apos;)]}
	at sun.reflect.NativeConstructorAccessorImpl.newInstance0(Native Method)
	at sun.reflect.NativeConstructorAccessorImpl.newInstance(NativeConstructorAccessorImpl.java:62)
	at sun.reflect.DelegatingConstructorAccessorImpl.newInstance(DelegatingConstructorAccessorImpl.java:45)
	at java.lang.reflect.Constructor.newInstance(Constructor.java:423)
	at org.openqa.selenium.remote.ErrorHandler.createThrowable(ErrorHandler.java:215)
	at org.openqa.selenium.remote.ErrorHandler.throwIfResponseFailed(ErrorHandler.java:167)
	at org.openqa.selenium.remote.http.JsonHttpResponseCodec.reconstructValue(JsonHttpResponseCodec.java:40)
	at org.openqa.selenium.remote.http.AbstractHttpResponseCodec.decode(AbstractHttpResponseCodec.java:82)
	at org.openqa.selenium.remote.http.AbstractHttpResponseCodec.decode(AbstractHttpResponseCodec.java:45)
	at org.openqa.selenium.remote.HttpCommandExecutor.execute(HttpCommandExecutor.java:164)
	at org.openqa.selenium.remote.service.DriverCommandExecutor.execute(DriverCommandExecutor.java:82)
	at org.openqa.selenium.remote.RemoteWebDriver.execute(RemoteWebDriver.java:646)
	at org.openqa.selenium.remote.RemoteWebDriver.findElement(RemoteWebDriver.java:416)
	at org.openqa.selenium.remote.RemoteWebDriver.findElementByXPath(RemoteWebDriver.java:518)
	at org.openqa.selenium.By$ByXPath.findElement(By.java:361)
	at org.openqa.selenium.remote.RemoteWebDriver.findElement(RemoteWebDriver.java:408)
	at sun.reflect.GeneratedMethodAccessor3.invoke(Unknown Source)
	at sun.reflect.DelegatingMethodAccessorImpl.invoke(DelegatingMethodAccessorImpl.java:43)
	at java.lang.reflect.Method.invoke(Method.java:498)
	at org.openqa.selenium.support.events.EventFiringWebDriver$2.invoke(EventFiringWebDriver.java:105)
	at com.sun.proxy.$Proxy6.findElement(Unknown Source)
	at org.openqa.selenium.support.events.EventFiringWebDriver.findElement(EventFiringWebDriver.java:189)
	at org.openqa.selenium.support.pagefactory.DefaultElementLocator.findElement(DefaultElementLocator.java:69)
	at org.openqa.selenium.support.pagefactory.internal.LocatingElementHandler.invoke(LocatingElementHandler.java:38)
	at com.sun.proxy.$Proxy10.getCoordinates(Unknown Source)
	at org.openqa.selenium.interactions.internal.MouseAction.getActionLocation(MouseAction.java:67)
	at org.openqa.selenium.interactions.MoveMouseAction.perform(MoveMouseAction.java:43)
	at org.openqa.selenium.interactions.CompositeAction.perform(CompositeAction.java:36)
	at org.openqa.selenium.interactions.Actions$BuiltAction.perform(Actions.java:641)
	at com.crm.qa.pages.HomePage.clickOnNewContactLink(HomePage.java:56)
	at com.crm.qa.tests.ContactsPageTest.validateCreateNewContact(ContactsPageTest.java:63)
</failure>
    <system-out>Before navigating to: &apos;https://www.freecrm.com/index.html&apos;
Navigated to:&apos;https://www.freecrm.com/index.html&apos;
Trying to find Element By : By.name: username
Found Element By : By.name: username
Trying to find Element By : By.name: username
Found Element By : By.name: username
Trying to find Element By : By.name: password
Found Element By : By.name: password
Trying to find Element By : By.name: password
Found Element By : By.name: password
Trying to find Element By : By.xpath: //input[@value=&apos;Login&apos;]
Found Element By : By.xpath: //input[@value=&apos;Login&apos;]
Trying to find Element By : By.xpath: //a[contains(text(), &apos;Contacts&apos;)]
Found Element By : By.xpath: //a[contains(text(), &apos;Contacts&apos;)]
Trying to click on: [[ChromeDriver: chrome on MAC (676d3fcc61118e071c6997298d7e6673)] -&gt; xpath: //a[contains(text(), &apos;Contacts&apos;)]]
Clicked on: [[ChromeDriver: chrome on MAC (676d3fcc61118e071c6997298d7e6673)] -&gt; xpath: //a[contains(text(), &apos;Contacts&apos;)]]
Trying to find Element By : By.xpath: //a[contains(text(), &apos;Contacts&apos;)]
Exception occured: org.openqa.selenium.WebDriverException: unknown error: unhandled inspector error: {&quot;code&quot;:-32000,&quot;message&quot;:&quot;Cannot find context with specified id&quot;}
  (Session info: chrome=63.0.3239.132)
  (Driver info: chromedriver=2.34.522932 (4140ab217e1ca1bec0c4b4d1b148f3361eb3a03e),platform=Mac OS X 10.13.2 x86_64) (WARNING: The server did not provide any stacktrace information)
Command duration or timeout: 0 milliseconds
Build info: version: &apos;3.5.3&apos;, revision: &apos;a88d25fe6b&apos;, time: &apos;2017-08-29T12:42:44.417Z&apos;
System info: host: &apos;apples-MacBook-Pro.local&apos;, ip: &apos;10.0.0.103&apos;, os.name: &apos;Mac OS X&apos;, os.arch: &apos;x86_64&apos;, os.version: &apos;10.13.2&apos;, java.version: &apos;1.8.0_144&apos;
Driver info: org.openqa.selenium.chrome.ChromeDriver
Capabilities [{mobileEmulationEnabled=false, hasTouchScreen=false, platform=MAC, acceptSslCerts=true, webStorageEnabled=true, browserName=chrome, takesScreenshot=true, javascriptEnabled=true, platformName=MAC, setWindowRect=true, unexpectedAlertBehaviour=, applicationCacheEnabled=false, rotatable=false, networkConnectionEnabled=false, chrome={chromedriverVersion=2.34.522932 (4140ab217e1ca1bec0c4b4d1b148f3361eb3a03e), userDataDir=/var/folders/57/777b5m9125s0svr1bqlx5xch0000gn/T/.org.chromium.Chromium.db1LNu}, takesHeapSnapshot=true, pageLoadStrategy=normal, unhandledPromptBehavior=, databaseEnabled=false, handlesAlerts=true, version=63.0.3239.132, browserConnectionEnabled=false, nativeEvents=true, locationContextEnabled=true, cssSelectorsEnabled=true}]
Session ID: 676d3fcc61118e071c6997298d7e6673
*** Element info: {Using=xpath, value=//a[contains(text(), &apos;Contacts&apos;)]}
</system-out>
    <system-err>Starting ChromeDriver 2.34.522932 (4140ab217e1ca1bec0c4b4d1b148f3361eb3a03e) on port 36328
Only local connections are allowed.
Jan 24, 2018 10:17:34 AM org.openqa.selenium.remote.ProtocolHandshake createSession
INFO: Detected dialect: OSS
</system-err>
  </testcase>
  <testcase classname="com.crm.qa.tests.ContactsPageTest" name="validateCreateNewContact" time="1.264">
    <failure message="element not visible
  (Session info: chrome=63.0.3239.132)
  (Driver info: chromedriver=2.34.522932 (4140ab217e1ca1bec0c4b4d1b148f3361eb3a03e),platform=Mac OS X 10.13.2 x86_64) (WARNING: The server did not provide any stacktrace information)
Command duration or timeout: 0 milliseconds
Build info: version: &apos;3.5.3&apos;, revision: &apos;a88d25fe6b&apos;, time: &apos;2017-08-29T12:42:44.417Z&apos;
System info: host: &apos;apples-MacBook-Pro.local&apos;, ip: &apos;10.0.0.103&apos;, os.name: &apos;Mac OS X&apos;, os.arch: &apos;x86_64&apos;, os.version: &apos;10.13.2&apos;, java.version: &apos;1.8.0_144&apos;
Driver info: org.openqa.selenium.chrome.ChromeDriver
Capabilities [{mobileEmulationEnabled=false, hasTouchScreen=false, platform=MAC, acceptSslCerts=true, webStorageEnabled=true, browserName=chrome, takesScreenshot=true, javascriptEnabled=true, platformName=MAC, setWindowRect=true, unexpectedAlertBehaviour=, applicationCacheEnabled=false, rotatable=false, networkConnectionEnabled=false, chrome={chromedriverVersion=2.34.522932 (4140ab217e1ca1bec0c4b4d1b148f3361eb3a03e), userDataDir=/var/folders/57/777b5m9125s0svr1bqlx5xch0000gn/T/.org.chromium.Chromium.qzCeR7}, takesHeapSnapshot=true, pageLoadStrategy=normal, unhandledPromptBehavior=, databaseEnabled=false, handlesAlerts=true, version=63.0.3239.132, browserConnectionEnabled=false, nativeEvents=true, locationContextEnabled=true, cssSelectorsEnabled=true}]
Session ID: 7b74ced3c892f3322b67ffad25fae1dc" type="org.openqa.selenium.ElementNotVisibleException">org.openqa.selenium.ElementNotVisibleException: element not visible
  (Session info: chrome=63.0.3239.132)
  (Driver info: chromedriver=2.34.522932 (4140ab217e1ca1bec0c4b4d1b148f3361eb3a03e),platform=Mac OS X 10.13.2 x86_64) (WARNING: The server did not provide any stacktrace information)
Command duration or timeout: 0 milliseconds
Build info: version: &apos;3.5.3&apos;, revision: &apos;a88d25fe6b&apos;, time: &apos;2017-08-29T12:42:44.417Z&apos;
System info: host: &apos;apples-MacBook-Pro.local&apos;, ip: &apos;10.0.0.103&apos;, os.name: &apos;Mac OS X&apos;, os.arch: &apos;x86_64&apos;, os.version: &apos;10.13.2&apos;, java.version: &apos;1.8.0_144&apos;
Driver info: org.openqa.selenium.chrome.ChromeDriver
Capabilities [{mobileEmulationEnabled=false, hasTouchScreen=false, platform=MAC, acceptSslCerts=true, webStorageEnabled=true, browserName=chrome, takesScreenshot=true, javascriptEnabled=true, platformName=MAC, setWindowRect=true, unexpectedAlertBehaviour=, applicationCacheEnabled=false, rotatable=false, networkConnectionEnabled=false, chrome={chromedriverVersion=2.34.522932 (4140ab217e1ca1bec0c4b4d1b148f3361eb3a03e), userDataDir=/var/folders/57/777b5m9125s0svr1bqlx5xch0000gn/T/.org.chromium.Chromium.qzCeR7}, takesHeapSnapshot=true, pageLoadStrategy=normal, unhandledPromptBehavior=, databaseEnabled=false, handlesAlerts=true, version=63.0.3239.132, browserConnectionEnabled=false, nativeEvents=true, locationContextEnabled=true, cssSelectorsEnabled=true}]
Session ID: 7b74ced3c892f3322b67ffad25fae1dc
	at sun.reflect.NativeConstructorAccessorImpl.newInstance0(Native Method)
	at sun.reflect.NativeConstructorAccessorImpl.newInstance(NativeConstructorAccessorImpl.java:62)
	at sun.reflect.DelegatingConstructorAccessorImpl.newInstance(DelegatingConstructorAccessorImpl.java:45)
	at java.lang.reflect.Constructor.newInstance(Constructor.java:423)
	at org.openqa.selenium.remote.ErrorHandler.createThrowable(ErrorHandler.java:215)
	at org.openqa.selenium.remote.ErrorHandler.throwIfResponseFailed(ErrorHandler.java:167)
	at org.openqa.selenium.remote.http.JsonHttpResponseCodec.reconstructValue(JsonHttpResponseCodec.java:40)
	at org.openqa.selenium.remote.http.AbstractHttpResponseCodec.decode(AbstractHttpResponseCodec.java:82)
	at org.openqa.selenium.remote.http.AbstractHttpResponseCodec.decode(AbstractHttpResponseCodec.java:45)
	at org.openqa.selenium.remote.HttpCommandExecutor.execute(HttpCommandExecutor.java:164)
	at org.openqa.selenium.remote.service.DriverCommandExecutor.execute(DriverCommandExecutor.java:82)
	at org.openqa.selenium.remote.RemoteWebDriver.execute(RemoteWebDriver.java:646)
	at org.openqa.selenium.remote.RemoteWebElement.execute(RemoteWebElement.java:275)
	at org.openqa.selenium.remote.RemoteWebElement.click(RemoteWebElement.java:82)
	at sun.reflect.NativeMethodAccessorImpl.invoke0(Native Method)
	at sun.reflect.NativeMethodAccessorImpl.invoke(NativeMethodAccessorImpl.java:62)
	at sun.reflect.DelegatingMethodAccessorImpl.invoke(DelegatingMethodAccessorImpl.java:43)
	at java.lang.reflect.Method.invoke(Method.java:498)
	at org.openqa.selenium.support.events.EventFiringWebDriver$EventFiringWebElement$1.invoke(EventFiringWebDriver.java:350)
	at com.sun.proxy.$Proxy11.click(Unknown Source)
	at org.openqa.selenium.support.events.EventFiringWebDriver$EventFiringWebElement.click(EventFiringWebDriver.java:363)
	at sun.reflect.NativeMethodAccessorImpl.invoke0(Native Method)
	at sun.reflect.NativeMethodAccessorImpl.invoke(NativeMethodAccessorImpl.java:62)
	at sun.reflect.DelegatingMethodAccessorImpl.invoke(DelegatingMethodAccessorImpl.java:43)
	at java.lang.reflect.Method.invoke(Method.java:498)
	at org.openqa.selenium.support.pagefactory.internal.LocatingElementHandler.invoke(LocatingElementHandler.java:51)
	at com.sun.proxy.$Proxy10.click(Unknown Source)
	at com.crm.qa.pages.HomePage.clickOnNewContactLink(HomePage.java:57)
	at com.crm.qa.tests.ContactsPageTest.validateCreateNewContact(ContactsPageTest.java:63)
</failure>
    <system-out>Before navigating to: &apos;https://www.freecrm.com/index.html&apos;
Navigated to:&apos;https://www.freecrm.com/index.html&apos;
Trying to find Element By : By.name: username
Found Element By : By.name: username
Trying to find Element By : By.name: username
Found Element By : By.name: username
Trying to find Element By : By.name: password
Found Element By : By.name: password
Trying to find Element By : By.name: password
Found Element By : By.name: password
Trying to find Element By : By.xpath: //input[@value=&apos;Login&apos;]
Found Element By : By.xpath: //input[@value=&apos;Login&apos;]
Trying to find Element By : By.xpath: //a[contains(text(), &apos;Contacts&apos;)]
Found Element By : By.xpath: //a[contains(text(), &apos;Contacts&apos;)]
Trying to click on: [[ChromeDriver: chrome on MAC (7b74ced3c892f3322b67ffad25fae1dc)] -&gt; xpath: //a[contains(text(), &apos;Contacts&apos;)]]
Clicked on: [[ChromeDriver: chrome on MAC (7b74ced3c892f3322b67ffad25fae1dc)] -&gt; xpath: //a[contains(text(), &apos;Contacts&apos;)]]
Trying to find Element By : By.xpath: //a[contains(text(), &apos;Contacts&apos;)]
Found Element By : By.xpath: //a[contains(text(), &apos;Contacts&apos;)]
Trying to find Element By : By.xpath: //a[contains(text(), &apos;New Contact&apos;)]
Found Element By : By.xpath: //a[contains(text(), &apos;New Contact&apos;)]
Trying to click on: [[ChromeDriver: chrome on MAC (7b74ced3c892f3322b67ffad25fae1dc)] -&gt; xpath: //a[contains(text(), &apos;New Contact&apos;)]]
Exception occured: org.openqa.selenium.ElementNotVisibleException: element not visible
  (Session info: chrome=63.0.3239.132)
  (Driver info: chromedriver=2.34.522932 (4140ab217e1ca1bec0c4b4d1b148f3361eb3a03e),platform=Mac OS X 10.13.2 x86_64) (WARNING: The server did not provide any stacktrace information)
Command duration or timeout: 0 milliseconds
Build info: version: &apos;3.5.3&apos;, revision: &apos;a88d25fe6b&apos;, time: &apos;2017-08-29T12:42:44.417Z&apos;
System info: host: &apos;apples-MacBook-Pro.local&apos;, ip: &apos;10.0.0.103&apos;, os.name: &apos;Mac OS X&apos;, os.arch: &apos;x86_64&apos;, os.version: &apos;10.13.2&apos;, java.version: &apos;1.8.0_144&apos;
Driver info: org.openqa.selenium.chrome.ChromeDriver
Capabilities [{mobileEmulationEnabled=false, hasTouchScreen=false, platform=MAC, acceptSslCerts=true, webStorageEnabled=true, browserName=chrome, takesScreenshot=true, javascriptEnabled=true, platformName=MAC, setWindowRect=true, unexpectedAlertBehaviour=, applicationCacheEnabled=false, rotatable=false, networkConnectionEnabled=false, chrome={chromedriverVersion=2.34.522932 (4140ab217e1ca1bec0c4b4d1b148f3361eb3a03e), userDataDir=/var/folders/57/777b5m9125s0svr1bqlx5xch0000gn/T/.org.chromium.Chromium.qzCeR7}, takesHeapSnapshot=true, pageLoadStrategy=normal, unhandledPromptBehavior=, databaseEnabled=false, handlesAlerts=true, version=63.0.3239.132, browserConnectionEnabled=false, nativeEvents=true, locationContextEnabled=true, cssSelectorsEnabled=true}]
Session ID: 7b74ced3c892f3322b67ffad25fae1dc
</system-out>
    <system-err>Starting ChromeDriver 2.34.522932 (4140ab217e1ca1bec0c4b4d1b148f3361eb3a03e) on port 37664
Only local connections are allowed.
Jan 24, 2018 10:17:39 AM org.openqa.selenium.remote.ProtocolHandshake createSession
INFO: Detected dialect: OSS
</system-err>
  </testcase>
  <testcase classname="com.crm.qa.tests.ContactsPageTest" name="validateCreateNewContact" time="0.363">
    <failure message="unknown error: unhandled inspector error: {&quot;code&quot;:-32000,&quot;message&quot;:&quot;Cannot find context with specified id&quot;}
  (Session info: chrome=63.0.3239.132)
  (Driver info: chromedriver=2.34.522932 (4140ab217e1ca1bec0c4b4d1b148f3361eb3a03e),platform=Mac OS X 10.13.2 x86_64) (WARNING: The server did not provide any stacktrace information)
Command duration or timeout: 0 milliseconds
Build info: version: &apos;3.5.3&apos;, revision: &apos;a88d25fe6b&apos;, time: &apos;2017-08-29T12:42:44.417Z&apos;
System info: host: &apos;apples-MacBook-Pro.local&apos;, ip: &apos;10.0.0.103&apos;, os.name: &apos;Mac OS X&apos;, os.arch: &apos;x86_64&apos;, os.version: &apos;10.13.2&apos;, java.version: &apos;1.8.0_144&apos;
Driver info: org.openqa.selenium.chrome.ChromeDriver
Capabilities [{mobileEmulationEnabled=false, hasTouchScreen=false, platform=MAC, acceptSslCerts=true, webStorageEnabled=true, browserName=chrome, takesScreenshot=true, javascriptEnabled=true, platformName=MAC, setWindowRect=true, unexpectedAlertBehaviour=, applicationCacheEnabled=false, rotatable=false, networkConnectionEnabled=false, chrome={chromedriverVersion=2.34.522932 (4140ab217e1ca1bec0c4b4d1b148f3361eb3a03e), userDataDir=/var/folders/57/777b5m9125s0svr1bqlx5xch0000gn/T/.org.chromium.Chromium.YYFSoa}, takesHeapSnapshot=true, pageLoadStrategy=normal, unhandledPromptBehavior=, databaseEnabled=false, handlesAlerts=true, version=63.0.3239.132, browserConnectionEnabled=false, nativeEvents=true, locationContextEnabled=true, cssSelectorsEnabled=true}]
Session ID: df4936a853a2f7728e04c7370076f38a" type="org.openqa.selenium.WebDriverException">org.openqa.selenium.WebDriverException: unknown error: unhandled inspector error: {&quot;code&quot;:-32000,&quot;message&quot;:&quot;Cannot find context with specified id&quot;}
  (Session info: chrome=63.0.3239.132)
  (Driver info: chromedriver=2.34.522932 (4140ab217e1ca1bec0c4b4d1b148f3361eb3a03e),platform=Mac OS X 10.13.2 x86_64) (WARNING: The server did not provide any stacktrace information)
Command duration or timeout: 0 milliseconds
Build info: version: &apos;3.5.3&apos;, revision: &apos;a88d25fe6b&apos;, time: &apos;2017-08-29T12:42:44.417Z&apos;
System info: host: &apos;apples-MacBook-Pro.local&apos;, ip: &apos;10.0.0.103&apos;, os.name: &apos;Mac OS X&apos;, os.arch: &apos;x86_64&apos;, os.version: &apos;10.13.2&apos;, java.version: &apos;1.8.0_144&apos;
Driver info: org.openqa.selenium.chrome.ChromeDriver
Capabilities [{mobileEmulationEnabled=false, hasTouchScreen=false, platform=MAC, acceptSslCerts=true, webStorageEnabled=true, browserName=chrome, takesScreenshot=true, javascriptEnabled=true, platformName=MAC, setWindowRect=true, unexpectedAlertBehaviour=, applicationCacheEnabled=false, rotatable=false, networkConnectionEnabled=false, chrome={chromedriverVersion=2.34.522932 (4140ab217e1ca1bec0c4b4d1b148f3361eb3a03e), userDataDir=/var/folders/57/777b5m9125s0svr1bqlx5xch0000gn/T/.org.chromium.Chromium.YYFSoa}, takesHeapSnapshot=true, pageLoadStrategy=normal, unhandledPromptBehavior=, databaseEnabled=false, handlesAlerts=true, version=63.0.3239.132, browserConnectionEnabled=false, nativeEvents=true, locationContextEnabled=true, cssSelectorsEnabled=true}]
Session ID: df4936a853a2f7728e04c7370076f38a
	at sun.reflect.NativeConstructorAccessorImpl.newInstance0(Native Method)
	at sun.reflect.NativeConstructorAccessorImpl.newInstance(NativeConstructorAccessorImpl.java:62)
	at sun.reflect.DelegatingConstructorAccessorImpl.newInstance(DelegatingConstructorAccessorImpl.java:45)
	at java.lang.reflect.Constructor.newInstance(Constructor.java:423)
	at org.openqa.selenium.remote.ErrorHandler.createThrowable(ErrorHandler.java:215)
	at org.openqa.selenium.remote.ErrorHandler.throwIfResponseFailed(ErrorHandler.java:167)
	at org.openqa.selenium.remote.http.JsonHttpResponseCodec.reconstructValue(JsonHttpResponseCodec.java:40)
	at org.openqa.selenium.remote.http.AbstractHttpResponseCodec.decode(AbstractHttpResponseCodec.java:82)
	at org.openqa.selenium.remote.http.AbstractHttpResponseCodec.decode(AbstractHttpResponseCodec.java:45)
	at org.openqa.selenium.remote.HttpCommandExecutor.execute(HttpCommandExecutor.java:164)
	at org.openqa.selenium.remote.service.DriverCommandExecutor.execute(DriverCommandExecutor.java:82)
	at org.openqa.selenium.remote.RemoteWebDriver.execute(RemoteWebDriver.java:646)
	at org.openqa.selenium.remote.RemoteExecuteMethod.execute(RemoteExecuteMethod.java:35)
	at org.openqa.selenium.remote.RemoteMouse.mouseMove(RemoteMouse.java:89)
	at org.openqa.selenium.support.events.internal.EventFiringMouse.mouseMove(EventFiringMouse.java:58)
	at org.openqa.selenium.interactions.MoveMouseAction.perform(MoveMouseAction.java:43)
	at org.openqa.selenium.interactions.CompositeAction.perform(CompositeAction.java:36)
	at org.openqa.selenium.interactions.Actions$BuiltAction.perform(Actions.java:641)
	at com.crm.qa.pages.HomePage.clickOnNewContactLink(HomePage.java:56)
	at com.crm.qa.tests.ContactsPageTest.validateCreateNewContact(ContactsPageTest.java:63)
</failure>
    <system-out>Before navigating to: &apos;https://www.freecrm.com/index.html&apos;
Navigated to:&apos;https://www.freecrm.com/index.html&apos;
Trying to find Element By : By.name: username
Found Element By : By.name: username
Trying to find Element By : By.name: username
Found Element By : By.name: username
Trying to find Element By : By.name: password
Found Element By : By.name: password
Trying to find Element By : By.name: password
Found Element By : By.name: password
Trying to find Element By : By.xpath: //input[@value=&apos;Login&apos;]
Found Element By : By.xpath: //input[@value=&apos;Login&apos;]
Trying to find Element By : By.xpath: //a[contains(text(), &apos;Contacts&apos;)]
Found Element By : By.xpath: //a[contains(text(), &apos;Contacts&apos;)]
Trying to click on: [[ChromeDriver: chrome on MAC (df4936a853a2f7728e04c7370076f38a)] -&gt; xpath: //a[contains(text(), &apos;Contacts&apos;)]]
Clicked on: [[ChromeDriver: chrome on MAC (df4936a853a2f7728e04c7370076f38a)] -&gt; xpath: //a[contains(text(), &apos;Contacts&apos;)]]
Trying to find Element By : By.xpath: //a[contains(text(), &apos;Contacts&apos;)]
Found Element By : By.xpath: //a[contains(text(), &apos;Contacts&apos;)]
</system-out>
    <system-err>Starting ChromeDriver 2.34.522932 (4140ab217e1ca1bec0c4b4d1b148f3361eb3a03e) on port 18975
Only local connections are allowed.
Jan 24, 2018 10:17:45 AM org.openqa.selenium.remote.ProtocolHandshake createSession
INFO: Detected dialect: OSS
</system-err>
  </testcase>
</testsuite>