<?xml version="1.0" encoding="UTF-8"?>
<!-- Generated by org.testng.reporters.JUnitXMLReporter -->
<testsuite hostname="apples-MacBook-Pro.local" ignored="0" name="FREE CRM Application Test Cases" tests="6" failures="1" timestamp="25 Jan 2018 16:36:04 GMT" time="43.479" errors="0">
  <testcase name="loginPageTitleTest" time="0.018" classname="com.crm.qa.tests.LoginPageTest"/>
  <testcase name="verifyHomePageTitleTest" time="0.006" classname="com.crm.qa.tests.HomePageTest">
    <failure type="java.lang.AssertionError" message="Home page title not matched expected [CRMPRO] but found [#1 Free CRM for Any Business: Online Customer Relationship Software]">
      <![CDATA[java.lang.AssertionError: Home page title not matched expected [CRMPRO] but found [#1 Free CRM for Any Business: Online Customer Relationship Software]
	at com.crm.qa.tests.HomePageTest.verifyHomePageTitleTest(HomePageTest.java:41)
... Removed 30 stack frames]]>
    </failure>
  </testcase> <!-- verifyHomePageTitleTest -->
  <testcase name="crmLogoImageTest" time="0.088" classname="com.crm.qa.tests.LoginPageTest"/>
  <testcase name="verifyCorrectUserNameTest" time="0.981" classname="com.crm.qa.tests.HomePageTest"/>
  <testcase name="loginTest" time="0.169" classname="com.crm.qa.tests.LoginPageTest"/>
  <testcase name="verifyContactsLinkTest" time="1.493" classname="com.crm.qa.tests.HomePageTest"/>
</testsuite> <!-- FREE CRM Application Test Cases -->
