<?xml version="1.0" encoding="UTF-8"?>
<testng-results skipped="0" failed="1" ignored="0" total="12" passed="11">
  <reporter-output>
  </reporter-output>
  <suite name="FREE CRM Application Test Automation -- Regression Test Suite" duration-ms="92586" started-at="2018-02-27T01:24:17Z" finished-at="2018-02-27T01:25:49Z">
    <groups>
    </groups>
    <test name="FREE CRM Application Test Cases" duration-ms="92586" started-at="2018-02-27T01:24:17Z" finished-at="2018-02-27T01:25:49Z">
      <class name="com.crm.qa.tests.LoginPageTest">
        <test-method status="PASS" signature="setUp()[pri:0, instance:com.crm.qa.tests.LoginPageTest@3fee9989]" name="setUp" is-config="true" duration-ms="4969" started-at="2018-02-26T19:24:17Z" finished-at="2018-02-26T19:24:22Z">
          <reporter-output>
          </reporter-output>
        </test-method> <!-- setUp -->
        <test-method status="PASS" signature="loginPageTitleTest()[pri:1, instance:com.crm.qa.tests.LoginPageTest@3fee9989]" name="loginPageTitleTest" duration-ms="21" started-at="2018-02-26T19:24:22Z" finished-at="2018-02-26T19:24:22Z">
          <reporter-output>
          </reporter-output>
        </test-method> <!-- loginPageTitleTest -->
        <test-method status="PASS" signature="tearDown()[pri:0, instance:com.crm.qa.tests.LoginPageTest@3fee9989]" name="tearDown" is-config="true" duration-ms="214" started-at="2018-02-26T19:24:22Z" finished-at="2018-02-26T19:24:22Z">
          <reporter-output>
          </reporter-output>
        </test-method> <!-- tearDown -->
        <test-method status="PASS" signature="setUp()[pri:0, instance:com.crm.qa.tests.LoginPageTest@3fee9989]" name="setUp" is-config="true" duration-ms="5325" started-at="2018-02-26T19:24:36Z" finished-at="2018-02-26T19:24:41Z">
          <reporter-output>
          </reporter-output>
        </test-method> <!-- setUp -->
        <test-method status="PASS" signature="crmLogoImageTest()[pri:2, instance:com.crm.qa.tests.LoginPageTest@3fee9989]" name="crmLogoImageTest" duration-ms="42" started-at="2018-02-26T19:24:41Z" finished-at="2018-02-26T19:24:41Z">
          <reporter-output>
          </reporter-output>
        </test-method> <!-- crmLogoImageTest -->
        <test-method status="PASS" signature="tearDown()[pri:0, instance:com.crm.qa.tests.LoginPageTest@3fee9989]" name="tearDown" is-config="true" duration-ms="203" started-at="2018-02-26T19:24:41Z" finished-at="2018-02-26T19:24:42Z">
          <reporter-output>
          </reporter-output>
        </test-method> <!-- tearDown -->
        <test-method status="PASS" signature="setUp()[pri:0, instance:com.crm.qa.tests.LoginPageTest@3fee9989]" name="setUp" is-config="true" duration-ms="4490" started-at="2018-02-26T19:25:01Z" finished-at="2018-02-26T19:25:06Z">
          <reporter-output>
          </reporter-output>
        </test-method> <!-- setUp -->
        <test-method status="PASS" signature="loginTest()[pri:3, instance:com.crm.qa.tests.LoginPageTest@3fee9989]" name="loginTest" duration-ms="155" started-at="2018-02-26T19:25:06Z" finished-at="2018-02-26T19:25:06Z">
          <reporter-output>
          </reporter-output>
        </test-method> <!-- loginTest -->
        <test-method status="PASS" signature="tearDown()[pri:0, instance:com.crm.qa.tests.LoginPageTest@3fee9989]" name="tearDown" is-config="true" duration-ms="186" started-at="2018-02-26T19:25:06Z" finished-at="2018-02-26T19:25:06Z">
          <reporter-output>
          </reporter-output>
        </test-method> <!-- tearDown -->
      </class> <!-- com.crm.qa.tests.LoginPageTest -->
      <class name="com.crm.qa.tests.HomePageTest">
        <test-method status="PASS" signature="Setup()[pri:0, instance:com.crm.qa.tests.HomePageTest@73ad2d6]" name="Setup" is-config="true" duration-ms="5117" started-at="2018-02-26T19:24:22Z" finished-at="2018-02-26T19:24:27Z">
          <reporter-output>
          </reporter-output>
        </test-method> <!-- Setup -->
        <test-method status="FAIL" signature="verifyHomePageTitleTest()[pri:1, instance:com.crm.qa.tests.HomePageTest@73ad2d6]" name="verifyHomePageTitleTest" duration-ms="8" started-at="2018-02-26T19:24:27Z" finished-at="2018-02-26T19:24:27Z">
          <exception class="java.lang.AssertionError">
            <message>
              <![CDATA[Home page title not matched expected [CRMPRO] but found [#1 Free CRM for Any Business: Online Customer Relationship Software]]]>
            </message>
            <full-stacktrace>
              <![CDATA[java.lang.AssertionError: Home page title not matched expected [CRMPRO] but found [#1 Free CRM for Any Business: Online Customer Relationship Software]
	at org.testng.Assert.fail(Assert.java:93)
	at org.testng.Assert.failNotEquals(Assert.java:512)
	at org.testng.Assert.assertEqualsImpl(Assert.java:134)
	at org.testng.Assert.assertEquals(Assert.java:115)
	at org.testng.Assert.assertEquals(Assert.java:189)
	at com.crm.qa.tests.HomePageTest.verifyHomePageTitleTest(HomePageTest.java:41)
	at sun.reflect.NativeMethodAccessorImpl.invoke0(Native Method)
	at sun.reflect.NativeMethodAccessorImpl.invoke(NativeMethodAccessorImpl.java:62)
	at sun.reflect.DelegatingMethodAccessorImpl.invoke(DelegatingMethodAccessorImpl.java:43)
	at java.lang.reflect.Method.invoke(Method.java:498)
	at org.testng.internal.MethodInvocationHelper.invokeMethod(MethodInvocationHelper.java:108)
	at org.testng.internal.Invoker.invokeMethod(Invoker.java:661)
	at org.testng.internal.Invoker.invokeTestMethod(Invoker.java:869)
	at org.testng.internal.Invoker.invokeTestMethods(Invoker.java:1193)
	at org.testng.internal.TestMethodWorker.invokeTestMethods(TestMethodWorker.java:126)
	at org.testng.internal.TestMethodWorker.run(TestMethodWorker.java:109)
	at org.testng.TestRunner.privateRun(TestRunner.java:744)
	at org.testng.TestRunner.run(TestRunner.java:602)
	at org.testng.SuiteRunner.runTest(SuiteRunner.java:380)
	at org.testng.SuiteRunner.runSequentially(SuiteRunner.java:375)
	at org.testng.SuiteRunner.privateRun(SuiteRunner.java:340)
	at org.testng.SuiteRunner.run(SuiteRunner.java:289)
	at org.testng.SuiteRunnerWorker.runSuite(SuiteRunnerWorker.java:52)
	at org.testng.SuiteRunnerWorker.run(SuiteRunnerWorker.java:86)
	at org.testng.TestNG.runSuitesSequentially(TestNG.java:1301)
	at org.testng.TestNG.runSuitesLocally(TestNG.java:1226)
	at org.testng.TestNG.runSuites(TestNG.java:1144)
	at org.testng.TestNG.run(TestNG.java:1115)
	at org.testng.remote.AbstractRemoteTestNG.run(AbstractRemoteTestNG.java:114)
	at org.testng.remote.RemoteTestNG.initAndRun(RemoteTestNG.java:251)
	at org.testng.remote.RemoteTestNG.main(RemoteTestNG.java:77)
]]>
            </full-stacktrace>
          </exception> <!-- java.lang.AssertionError -->
          <reporter-output>
          </reporter-output>
        </test-method> <!-- verifyHomePageTitleTest -->
        <test-method status="PASS" signature="tearDown()[pri:0, instance:com.crm.qa.tests.HomePageTest@73ad2d6]" name="tearDown" is-config="true" duration-ms="210" started-at="2018-02-26T19:24:27Z" finished-at="2018-02-26T19:24:27Z">
          <reporter-output>
          </reporter-output>
        </test-method> <!-- tearDown -->
        <test-method status="PASS" signature="Setup()[pri:0, instance:com.crm.qa.tests.HomePageTest@73ad2d6]" name="Setup" is-config="true" duration-ms="6404" started-at="2018-02-26T19:24:42Z" finished-at="2018-02-26T19:24:48Z">
          <reporter-output>
          </reporter-output>
        </test-method> <!-- Setup -->
        <test-method status="PASS" signature="verifyCorrectUserNameTest()[pri:2, instance:com.crm.qa.tests.HomePageTest@73ad2d6]" name="verifyCorrectUserNameTest" duration-ms="810" started-at="2018-02-26T19:24:48Z" finished-at="2018-02-26T19:24:49Z">
          <reporter-output>
          </reporter-output>
        </test-method> <!-- verifyCorrectUserNameTest -->
        <test-method status="PASS" signature="tearDown()[pri:0, instance:com.crm.qa.tests.HomePageTest@73ad2d6]" name="tearDown" is-config="true" duration-ms="184" started-at="2018-02-26T19:24:49Z" finished-at="2018-02-26T19:24:49Z">
          <reporter-output>
          </reporter-output>
        </test-method> <!-- tearDown -->
        <test-method status="PASS" signature="Setup()[pri:0, instance:com.crm.qa.tests.HomePageTest@73ad2d6]" name="Setup" is-config="true" duration-ms="5827" started-at="2018-02-26T19:25:06Z" finished-at="2018-02-26T19:25:12Z">
          <reporter-output>
          </reporter-output>
        </test-method> <!-- Setup -->
        <test-method status="PASS" signature="verifyContactsLinkTest()[pri:3, instance:com.crm.qa.tests.HomePageTest@73ad2d6]" name="verifyContactsLinkTest" duration-ms="1461" started-at="2018-02-26T19:25:12Z" finished-at="2018-02-26T19:25:13Z">
          <reporter-output>
          </reporter-output>
        </test-method> <!-- verifyContactsLinkTest -->
        <test-method status="PASS" signature="tearDown()[pri:0, instance:com.crm.qa.tests.HomePageTest@73ad2d6]" name="tearDown" is-config="true" duration-ms="183" started-at="2018-02-26T19:25:13Z" finished-at="2018-02-26T19:25:14Z">
          <reporter-output>
          </reporter-output>
        </test-method> <!-- tearDown -->
      </class> <!-- com.crm.qa.tests.HomePageTest -->
      <class name="com.crm.qa.tests.ContactsPageTest">
        <test-method status="PASS" signature="Setup()[pri:0, instance:com.crm.qa.tests.ContactsPageTest@7085bdee]" name="Setup" is-config="true" duration-ms="8438" started-at="2018-02-26T19:24:27Z" finished-at="2018-02-26T19:24:36Z">
          <reporter-output>
          </reporter-output>
        </test-method> <!-- Setup -->
        <test-method status="PASS" signature="verifyContactsLabelTest()[pri:1, instance:com.crm.qa.tests.ContactsPageTest@7085bdee]" name="verifyContactsLabelTest" duration-ms="48" started-at="2018-02-26T19:24:36Z" finished-at="2018-02-26T19:24:36Z">
          <reporter-output>
          </reporter-output>
        </test-method> <!-- verifyContactsLabelTest -->
        <test-method status="PASS" signature="tearDown()[pri:0, instance:com.crm.qa.tests.ContactsPageTest@7085bdee]" name="tearDown" is-config="true" duration-ms="187" started-at="2018-02-26T19:24:36Z" finished-at="2018-02-26T19:24:36Z">
          <reporter-output>
          </reporter-output>
        </test-method> <!-- tearDown -->
        <test-method status="PASS" signature="Setup()[pri:0, instance:com.crm.qa.tests.ContactsPageTest@7085bdee]" name="Setup" is-config="true" duration-ms="11975" started-at="2018-02-26T19:24:49Z" finished-at="2018-02-26T19:25:01Z">
          <reporter-output>
          </reporter-output>
        </test-method> <!-- Setup -->
        <test-method status="PASS" signature="selectSingleContactsTest()[pri:2, instance:com.crm.qa.tests.ContactsPageTest@7085bdee]" name="selectSingleContactsTest" duration-ms="225" started-at="2018-02-26T19:25:01Z" finished-at="2018-02-26T19:25:01Z">
          <reporter-output>
          </reporter-output>
        </test-method> <!-- selectSingleContactsTest -->
        <test-method status="PASS" signature="tearDown()[pri:0, instance:com.crm.qa.tests.ContactsPageTest@7085bdee]" name="tearDown" is-config="true" duration-ms="203" started-at="2018-02-26T19:25:01Z" finished-at="2018-02-26T19:25:01Z">
          <reporter-output>
          </reporter-output>
        </test-method> <!-- tearDown -->
        <test-method status="PASS" signature="Setup()[pri:0, instance:com.crm.qa.tests.ContactsPageTest@7085bdee]" name="Setup" is-config="true" duration-ms="6831" started-at="2018-02-26T19:25:14Z" finished-at="2018-02-26T19:25:21Z">
          <reporter-output>
          </reporter-output>
        </test-method> <!-- Setup -->
        <test-method status="PASS" signature="selectMultipleContactsTest()[pri:3, instance:com.crm.qa.tests.ContactsPageTest@7085bdee]" name="selectMultipleContactsTest" duration-ms="456" started-at="2018-02-26T19:25:21Z" finished-at="2018-02-26T19:25:21Z">
          <reporter-output>
          </reporter-output>
        </test-method> <!-- selectMultipleContactsTest -->
        <test-method status="PASS" signature="tearDown()[pri:0, instance:com.crm.qa.tests.ContactsPageTest@7085bdee]" name="tearDown" is-config="true" duration-ms="190" started-at="2018-02-26T19:25:21Z" finished-at="2018-02-26T19:25:21Z">
          <reporter-output>
          </reporter-output>
        </test-method> <!-- tearDown -->
        <test-method status="PASS" signature="Setup()[pri:0, instance:com.crm.qa.tests.ContactsPageTest@7085bdee]" name="Setup" is-config="true" duration-ms="7564" started-at="2018-02-26T19:25:22Z" finished-at="2018-02-26T19:25:29Z">
          <reporter-output>
          </reporter-output>
        </test-method> <!-- Setup -->
        <test-method status="PASS" signature="validateCreateNewContact(java.lang.String, java.lang.String, java.lang.String, java.lang.String)[pri:4, instance:com.crm.qa.tests.ContactsPageTest@7085bdee]" name="validateCreateNewContact" duration-ms="1809" started-at="2018-02-26T19:25:29Z" data-provider="getCRMTestData" finished-at="2018-02-26T19:25:31Z">
          <params>
            <param index="0">
              <value>
                <![CDATA[Mr.]]>
              </value>
            </param>
            <param index="1">
              <value>
                <![CDATA[Tom]]>
              </value>
            </param>
            <param index="2">
              <value>
                <![CDATA[Peter]]>
              </value>
            </param>
            <param index="3">
              <value>
                <![CDATA[Google]]>
              </value>
            </param>
          </params>
          <reporter-output>
          </reporter-output>
        </test-method> <!-- validateCreateNewContact -->
        <test-method status="PASS" signature="tearDown()[pri:0, instance:com.crm.qa.tests.ContactsPageTest@7085bdee]" name="tearDown" is-config="true" duration-ms="223" started-at="2018-02-26T19:25:31Z" finished-at="2018-02-26T19:25:31Z">
          <reporter-output>
          </reporter-output>
        </test-method> <!-- tearDown -->
        <test-method status="PASS" signature="Setup()[pri:0, instance:com.crm.qa.tests.ContactsPageTest@7085bdee]" name="Setup" is-config="true" duration-ms="6956" started-at="2018-02-26T19:25:31Z" finished-at="2018-02-26T19:25:38Z">
          <reporter-output>
          </reporter-output>
        </test-method> <!-- Setup -->
        <test-method status="PASS" signature="validateCreateNewContact(java.lang.String, java.lang.String, java.lang.String, java.lang.String)[pri:4, instance:com.crm.qa.tests.ContactsPageTest@7085bdee]" name="validateCreateNewContact" duration-ms="1253" started-at="2018-02-26T19:25:38Z" data-provider="getCRMTestData" finished-at="2018-02-26T19:25:40Z">
          <params>
            <param index="0">
              <value>
                <![CDATA[Dr.]]>
              </value>
            </param>
            <param index="1">
              <value>
                <![CDATA[David]]>
              </value>
            </param>
            <param index="2">
              <value>
                <![CDATA[Cris]]>
              </value>
            </param>
            <param index="3">
              <value>
                <![CDATA[Amazon]]>
              </value>
            </param>
          </params>
          <reporter-output>
          </reporter-output>
        </test-method> <!-- validateCreateNewContact -->
        <test-method status="PASS" signature="tearDown()[pri:0, instance:com.crm.qa.tests.ContactsPageTest@7085bdee]" name="tearDown" is-config="true" duration-ms="213" started-at="2018-02-26T19:25:40Z" finished-at="2018-02-26T19:25:40Z">
          <reporter-output>
          </reporter-output>
        </test-method> <!-- tearDown -->
        <test-method status="PASS" signature="Setup()[pri:0, instance:com.crm.qa.tests.ContactsPageTest@7085bdee]" name="Setup" is-config="true" duration-ms="7475" started-at="2018-02-26T19:25:40Z" finished-at="2018-02-26T19:25:47Z">
          <reporter-output>
          </reporter-output>
        </test-method> <!-- Setup -->
        <test-method status="PASS" signature="validateCreateNewContact(java.lang.String, java.lang.String, java.lang.String, java.lang.String)[pri:4, instance:com.crm.qa.tests.ContactsPageTest@7085bdee]" name="validateCreateNewContact" duration-ms="1831" started-at="2018-02-26T19:25:47Z" data-provider="getCRMTestData" finished-at="2018-02-26T19:25:49Z">
          <params>
            <param index="0">
              <value>
                <![CDATA[Mrs.]]>
              </value>
            </param>
            <param index="1">
              <value>
                <![CDATA[Mukta]]>
              </value>
            </param>
            <param index="2">
              <value>
                <![CDATA[Sharma]]>
              </value>
            </param>
            <param index="3">
              <value>
                <![CDATA[Ebay]]>
              </value>
            </param>
          </params>
          <reporter-output>
          </reporter-output>
        </test-method> <!-- validateCreateNewContact -->
        <test-method status="PASS" signature="tearDown()[pri:0, instance:com.crm.qa.tests.ContactsPageTest@7085bdee]" name="tearDown" is-config="true" duration-ms="217" started-at="2018-02-26T19:25:49Z" finished-at="2018-02-26T19:25:49Z">
          <reporter-output>
          </reporter-output>
        </test-method> <!-- tearDown -->
      </class> <!-- com.crm.qa.tests.ContactsPageTest -->
    </test> <!-- FREE CRM Application Test Cases -->
  </suite> <!-- FREE CRM Application Test Automation - Regression Test Suite -->
</testng-results>
