<?xml version="1.0" encoding="UTF-8"?>
<testng-results skipped="0" failed="0" ignored="0" total="6" passed="6">
  <reporter-output>
  </reporter-output>
  <suite name="FREE CRM Application Test Automation -- Regression Test Suite" duration-ms="49303" started-at="2018-02-28T01:43:38Z" finished-at="2018-02-28T01:44:28Z">
    <groups>
    </groups>
    <test name="FREE CRM Application Test Cases" duration-ms="49303" started-at="2018-02-28T01:43:38Z" finished-at="2018-02-28T01:44:28Z">
      <class name="com.crm.qa.tests.ContactsPageTest">
        <test-method status="PASS" signature="Setup()[pri:0, instance:com.crm.qa.tests.ContactsPageTest@59ec2012]" name="Setup" is-config="true" duration-ms="10198" started-at="2018-02-27T19:43:38Z" finished-at="2018-02-27T19:43:49Z">
          <reporter-output>
          </reporter-output>
        </test-method> <!-- Setup -->
        <test-method status="PASS" signature="verifyContactsLabelTest()[pri:1, instance:com.crm.qa.tests.ContactsPageTest@59ec2012]" name="verifyContactsLabelTest" duration-ms="71" started-at="2018-02-27T19:43:49Z" finished-at="2018-02-27T19:43:49Z">
          <reporter-output>
          </reporter-output>
        </test-method> <!-- verifyContactsLabelTest -->
        <test-method status="PASS" signature="tearDown()[pri:0, instance:com.crm.qa.tests.ContactsPageTest@59ec2012]" name="tearDown" is-config="true" duration-ms="214" started-at="2018-02-27T19:43:49Z" finished-at="2018-02-27T19:43:49Z">
          <reporter-output>
          </reporter-output>
        </test-method> <!-- tearDown -->
        <test-method status="PASS" signature="Setup()[pri:0, instance:com.crm.qa.tests.ContactsPageTest@59ec2012]" name="Setup" is-config="true" duration-ms="6788" started-at="2018-02-27T19:43:49Z" finished-at="2018-02-27T19:43:56Z">
          <reporter-output>
          </reporter-output>
        </test-method> <!-- Setup -->
        <test-method status="PASS" signature="selectSingleContactsTest()[pri:2, instance:com.crm.qa.tests.ContactsPageTest@59ec2012]" name="selectSingleContactsTest" duration-ms="237" started-at="2018-02-27T19:43:56Z" finished-at="2018-02-27T19:43:56Z">
          <reporter-output>
          </reporter-output>
        </test-method> <!-- selectSingleContactsTest -->
        <test-method status="PASS" signature="tearDown()[pri:0, instance:com.crm.qa.tests.ContactsPageTest@59ec2012]" name="tearDown" is-config="true" duration-ms="196" started-at="2018-02-27T19:43:56Z" finished-at="2018-02-27T19:43:56Z">
          <reporter-output>
          </reporter-output>
        </test-method> <!-- tearDown -->
        <test-method status="PASS" signature="Setup()[pri:0, instance:com.crm.qa.tests.ContactsPageTest@59ec2012]" name="Setup" is-config="true" duration-ms="7415" started-at="2018-02-27T19:43:56Z" finished-at="2018-02-27T19:44:04Z">
          <reporter-output>
          </reporter-output>
        </test-method> <!-- Setup -->
        <test-method status="PASS" signature="selectMultipleContactsTest()[pri:3, instance:com.crm.qa.tests.ContactsPageTest@59ec2012]" name="selectMultipleContactsTest" duration-ms="461" started-at="2018-02-27T19:44:04Z" finished-at="2018-02-27T19:44:04Z">
          <reporter-output>
          </reporter-output>
        </test-method> <!-- selectMultipleContactsTest -->
        <test-method status="PASS" signature="tearDown()[pri:0, instance:com.crm.qa.tests.ContactsPageTest@59ec2012]" name="tearDown" is-config="true" duration-ms="187" started-at="2018-02-27T19:44:04Z" finished-at="2018-02-27T19:44:04Z">
          <reporter-output>
          </reporter-output>
        </test-method> <!-- tearDown -->
        <test-method status="PASS" signature="Setup()[pri:0, instance:com.crm.qa.tests.ContactsPageTest@59ec2012]" name="Setup" is-config="true" duration-ms="6795" started-at="2018-02-27T19:44:05Z" finished-at="2018-02-27T19:44:12Z">
          <reporter-output>
          </reporter-output>
        </test-method> <!-- Setup -->
        <test-method status="PASS" signature="validateCreateNewContact(java.lang.String, java.lang.String, java.lang.String, java.lang.String)[pri:4, instance:com.crm.qa.tests.ContactsPageTest@59ec2012]" name="validateCreateNewContact" duration-ms="879" started-at="2018-02-27T19:44:12Z" data-provider="getCRMTestData" finished-at="2018-02-27T19:44:12Z">
          <params>
            <param index="0">
              <value>
                <![CDATA[Mr.]]>
              </value>
            </param>
            <param index="1">
              <value>
                <![CDATA[Tom]]>
              </value>
            </param>
            <param index="2">
              <value>
                <![CDATA[Peter]]>
              </value>
            </param>
            <param index="3">
              <value>
                <![CDATA[Google]]>
              </value>
            </param>
          </params>
          <reporter-output>
          </reporter-output>
        </test-method> <!-- validateCreateNewContact -->
        <test-method status="PASS" signature="tearDown()[pri:0, instance:com.crm.qa.tests.ContactsPageTest@59ec2012]" name="tearDown" is-config="true" duration-ms="210" started-at="2018-02-27T19:44:12Z" finished-at="2018-02-27T19:44:13Z">
          <reporter-output>
          </reporter-output>
        </test-method> <!-- tearDown -->
        <test-method status="PASS" signature="Setup()[pri:0, instance:com.crm.qa.tests.ContactsPageTest@59ec2012]" name="Setup" is-config="true" duration-ms="7332" started-at="2018-02-27T19:44:13Z" finished-at="2018-02-27T19:44:20Z">
          <reporter-output>
          </reporter-output>
        </test-method> <!-- Setup -->
        <test-method status="PASS" signature="validateCreateNewContact(java.lang.String, java.lang.String, java.lang.String, java.lang.String)[pri:4, instance:com.crm.qa.tests.ContactsPageTest@59ec2012]" name="validateCreateNewContact" duration-ms="932" started-at="2018-02-27T19:44:20Z" data-provider="getCRMTestData" finished-at="2018-02-27T19:44:21Z">
          <params>
            <param index="0">
              <value>
                <![CDATA[Dr.]]>
              </value>
            </param>
            <param index="1">
              <value>
                <![CDATA[David]]>
              </value>
            </param>
            <param index="2">
              <value>
                <![CDATA[Cris]]>
              </value>
            </param>
            <param index="3">
              <value>
                <![CDATA[Amazon]]>
              </value>
            </param>
          </params>
          <reporter-output>
          </reporter-output>
        </test-method> <!-- validateCreateNewContact -->
        <test-method status="PASS" signature="tearDown()[pri:0, instance:com.crm.qa.tests.ContactsPageTest@59ec2012]" name="tearDown" is-config="true" duration-ms="199" started-at="2018-02-27T19:44:21Z" finished-at="2018-02-27T19:44:21Z">
          <reporter-output>
          </reporter-output>
        </test-method> <!-- tearDown -->
        <test-method status="PASS" signature="Setup()[pri:0, instance:com.crm.qa.tests.ContactsPageTest@59ec2012]" name="Setup" is-config="true" duration-ms="5524" started-at="2018-02-27T19:44:21Z" finished-at="2018-02-27T19:44:27Z">
          <reporter-output>
          </reporter-output>
        </test-method> <!-- Setup -->
        <test-method status="PASS" signature="validateCreateNewContact(java.lang.String, java.lang.String, java.lang.String, java.lang.String)[pri:4, instance:com.crm.qa.tests.ContactsPageTest@59ec2012]" name="validateCreateNewContact" duration-ms="817" started-at="2018-02-27T19:44:27Z" data-provider="getCRMTestData" finished-at="2018-02-27T19:44:28Z">
          <params>
            <param index="0">
              <value>
                <![CDATA[Mrs.]]>
              </value>
            </param>
            <param index="1">
              <value>
                <![CDATA[Mukta]]>
              </value>
            </param>
            <param index="2">
              <value>
                <![CDATA[Sharma]]>
              </value>
            </param>
            <param index="3">
              <value>
                <![CDATA[Ebay]]>
              </value>
            </param>
          </params>
          <reporter-output>
          </reporter-output>
        </test-method> <!-- validateCreateNewContact -->
        <test-method status="PASS" signature="tearDown()[pri:0, instance:com.crm.qa.tests.ContactsPageTest@59ec2012]" name="tearDown" is-config="true" duration-ms="182" started-at="2018-02-27T19:44:28Z" finished-at="2018-02-27T19:44:28Z">
          <reporter-output>
          </reporter-output>
        </test-method> <!-- tearDown -->
      </class> <!-- com.crm.qa.tests.ContactsPageTest -->
    </test> <!-- FREE CRM Application Test Cases -->
  </suite> <!-- FREE CRM Application Test Automation - Regression Test Suite -->
</testng-results>
